Flow report for Lab6
Sun May 30 17:49:14 2021
Quartus II 64-Bit Version 13.0.1 Build 232 06/12/2013 Service Pack 1 SJ Web Edition


---------------------
; Table of Contents ;
---------------------
  1. Legal Notice
  2. Flow Summary
  3. Flow Settings
  4. Flow Non-Default Global Settings
  5. Flow Elapsed Time
  6. Flow OS Summary
  7. Flow Log
  8. Flow Messages
  9. Flow Suppressed Messages



----------------
; Legal Notice ;
----------------
Copyright (C) 1991-2013 Altera Corporation
Your use of Altera Corporation's design tools, logic functions 
and other software and tools, and its AMPP partner logic 
functions, and any output files from any of the foregoing 
(including device programming or simulation files), and any 
associated documentation or information are expressly subject 
to the terms and conditions of the Altera Program License 
Subscription Agreement, Altera MegaCore Function License 
Agreement, or other applicable license agreement, including, 
without limitation, that your use is for the sole purpose of 
programming logic devices manufactured by Altera and sold by 
Altera or its authorized distributors.  Please refer to the 
applicable agreement for further details.



+--------------------------------------------------------------------------------------+
; Flow Summary                                                                         ;
+------------------------------------+-------------------------------------------------+
; Flow Status                        ; Successful - Sun May 30 17:49:14 2021           ;
; Quartus II 64-Bit Version          ; 13.0.1 Build 232 06/12/2013 SP 1 SJ Web Edition ;
; Revision Name                      ; Lab6                                            ;
; Top-level Entity Name              ; Accumulator                                     ;
; Family                             ; Cyclone II                                      ;
; Device                             ; EP2C35F672C6                                    ;
; Timing Models                      ; Final                                           ;
; Total logic elements               ; 14 / 33,216 ( < 1 % )                           ;
;     Total combinational functions  ; 14 / 33,216 ( < 1 % )                           ;
;     Dedicated logic registers      ; 8 / 33,216 ( < 1 % )                            ;
; Total registers                    ; 8                                               ;
; Total pins                         ; 15 / 475 ( 3 % )                                ;
; Total virtual pins                 ; 0                                               ;
; Total memory bits                  ; 0 / 483,840 ( 0 % )                             ;
; Embedded Multiplier 9-bit elements ; 0 / 70 ( 0 % )                                  ;
; Total PLLs                         ; 0 / 4 ( 0 % )                                   ;
+------------------------------------+-------------------------------------------------+


+-----------------------------------------+
; Flow Settings                           ;
+-------------------+---------------------+
; Option            ; Setting             ;
+-------------------+---------------------+
; Start date & time ; 05/30/2021 17:49:03 ;
; Main task         ; Compilation         ;
; Revision Name     ; Lab6                ;
+-------------------+---------------------+


+------------------------------------------------------------------------------------------------------------------------------+
; Flow Non-Default Global Settings                                                                                             ;
+--------------------------------------+----------------------------------------+---------------+-------------+----------------+
; Assignment Name                      ; Value                                  ; Default Value ; Entity Name ; Section Id     ;
+--------------------------------------+----------------------------------------+---------------+-------------+----------------+
; COMPILER_SIGNATURE_ID                ; 30902524347670.162238614215324         ; --            ; --          ; --             ;
; EDA_DESIGN_INSTANCE_NAME             ; DUT                                    ; --            ; --          ; CtrlLogic_tb   ;
; EDA_DESIGN_INSTANCE_NAME             ; DUT                                    ; --            ; --          ; Multiplier_tb  ;
; EDA_DESIGN_INSTANCE_NAME             ; DUT                                    ; --            ; --          ; CtrlLogicP_tb  ;
; EDA_DESIGN_INSTANCE_NAME             ; DUT                                    ; --            ; --          ; MultiplierP_tb ;
; EDA_GENERATE_FUNCTIONAL_NETLIST      ; On                                     ; --            ; --          ; eda_simulation ;
; EDA_NATIVELINK_SIMULATION_TEST_BENCH ; MultiplierP_tb                         ; --            ; --          ; eda_simulation ;
; EDA_OUTPUT_DATA_FORMAT               ; Verilog Hdl                            ; --            ; --          ; eda_simulation ;
; EDA_SIMULATION_TOOL                  ; ModelSim-Altera (Verilog)              ; <None>        ; --          ; --             ;
; EDA_TEST_BENCH_ENABLE_STATUS         ; TEST_BENCH_MODE                        ; --            ; --          ; eda_simulation ;
; EDA_TEST_BENCH_FILE                  ; simulation/modelsim/CtrlLogic_tb.vhd   ; --            ; --          ; CtrlLogic_tb   ;
; EDA_TEST_BENCH_FILE                  ; simulation/modelsim/Multiplier_tb.vhd  ; --            ; --          ; Multiplier_tb  ;
; EDA_TEST_BENCH_FILE                  ; simulation/modelsim/CtrlLogicP_tb.vhd  ; --            ; --          ; CtrlLogicP_tb  ;
; EDA_TEST_BENCH_FILE                  ; simulation/modelsim/MultiplierP_tb.vhd ; --            ; --          ; MultiplierP_tb ;
; EDA_TEST_BENCH_MODULE_NAME           ; CtrlLogic_tb                           ; --            ; --          ; CtrlLogic_tb   ;
; EDA_TEST_BENCH_MODULE_NAME           ; Multiplier_tb                          ; --            ; --          ; Multiplier_tb  ;
; EDA_TEST_BENCH_MODULE_NAME           ; CtrlLogicP_tb                          ; --            ; --          ; CtrlLogicP_tb  ;
; EDA_TEST_BENCH_MODULE_NAME           ; MultiplierP_tb                         ; --            ; --          ; MultiplierP_tb ;
; EDA_TEST_BENCH_NAME                  ; CtrlLogic_tb                           ; --            ; --          ; eda_simulation ;
; EDA_TEST_BENCH_NAME                  ; Multiplier_tb                          ; --            ; --          ; eda_simulation ;
; EDA_TEST_BENCH_NAME                  ; CtrlLogicP_tb                          ; --            ; --          ; eda_simulation ;
; EDA_TEST_BENCH_NAME                  ; MultiplierP_tb                         ; --            ; --          ; eda_simulation ;
; EDA_TIME_SCALE                       ; 1 ps                                   ; --            ; --          ; eda_simulation ;
; IP_TOOL_NAME                         ; RAM: 1-PORT                            ; --            ; --          ; --             ;
; IP_TOOL_VERSION                      ; 13.0                                   ; --            ; --          ; --             ;
; MAX_CORE_JUNCTION_TEMP               ; 85                                     ; --            ; --          ; --             ;
; MIN_CORE_JUNCTION_TEMP               ; 0                                      ; --            ; --          ; --             ;
; MISC_FILE                            ; RAM4x256.cmp                           ; --            ; --          ; --             ;
; PARTITION_COLOR                      ; 16764057                               ; --            ; Accumulator ; Top            ;
; PARTITION_FITTER_PRESERVATION_LEVEL  ; PLACEMENT_AND_ROUTING                  ; --            ; Accumulator ; Top            ;
; PARTITION_NETLIST_TYPE               ; SOURCE                                 ; --            ; Accumulator ; Top            ;
; POWER_BOARD_THERMAL_MODEL            ; None (CONSERVATIVE)                    ; --            ; --          ; --             ;
; POWER_PRESET_COOLING_SOLUTION        ; 23 MM HEAT SINK WITH 200 LFPM AIRFLOW  ; --            ; --          ; --             ;
; PROJECT_OUTPUT_DIRECTORY             ; output_files                           ; --            ; --          ; --             ;
; TOP_LEVEL_ENTITY                     ; Accumulator                            ; Lab6          ; --          ; --             ;
; VHDL_INPUT_VERSION                   ; VHDL_2008                              ; VHDL_1993     ; --          ; --             ;
; VHDL_SHOW_LMF_MAPPING_MESSAGES       ; Off                                    ; --            ; --          ; --             ;
+--------------------------------------+----------------------------------------+---------------+-------------+----------------+


+-------------------------------------------------------------------------------------------------------------------------------+
; Flow Elapsed Time                                                                                                             ;
+---------------------------+--------------+-------------------------+---------------------+------------------------------------+
; Module Name               ; Elapsed Time ; Average Processors Used ; Peak Virtual Memory ; Total CPU Time (on all processors) ;
+---------------------------+--------------+-------------------------+---------------------+------------------------------------+
; Analysis & Synthesis      ; 00:00:01     ; 1.0                     ; 4650 MB             ; 00:00:01                           ;
; Fitter                    ; 00:00:05     ; 1.0                     ; 4878 MB             ; 00:00:05                           ;
; Assembler                 ; 00:00:02     ; 1.0                     ; 4564 MB             ; 00:00:02                           ;
; TimeQuest Timing Analyzer ; 00:00:00     ; 1.0                     ; 4535 MB             ; 00:00:01                           ;
; EDA Netlist Writer        ; 00:00:00     ; 1.0                     ; 4507 MB             ; 00:00:00                           ;
; Total                     ; 00:00:08     ; --                      ; --                  ; 00:00:09                           ;
+---------------------------+--------------+-------------------------+---------------------+------------------------------------+


+----------------------------------------------------------------------------------------+
; Flow OS Summary                                                                        ;
+---------------------------+------------------+-----------+------------+----------------+
; Module Name               ; Machine Hostname ; OS Name   ; OS Version ; Processor type ;
+---------------------------+------------------+-----------+------------+----------------+
; Analysis & Synthesis      ; DESKTOP-HLHFCP4  ; Windows 7 ; 6.2        ; x86_64         ;
; Fitter                    ; DESKTOP-HLHFCP4  ; Windows 7 ; 6.2        ; x86_64         ;
; Assembler                 ; DESKTOP-HLHFCP4  ; Windows 7 ; 6.2        ; x86_64         ;
; TimeQuest Timing Analyzer ; DESKTOP-HLHFCP4  ; Windows 7 ; 6.2        ; x86_64         ;
; EDA Netlist Writer        ; DESKTOP-HLHFCP4  ; Windows 7 ; 6.2        ; x86_64         ;
+---------------------------+------------------+-----------+------------+----------------+


------------
; Flow Log ;
------------
quartus_map --read_settings_files=on --write_settings_files=off Lab6 -c Lab6
quartus_fit --read_settings_files=off --write_settings_files=off Lab6 -c Lab6
quartus_asm --read_settings_files=off --write_settings_files=off Lab6 -c Lab6
quartus_sta Lab6 -c Lab6
quartus_eda --read_settings_files=off --write_settings_files=off Lab6 -c Lab6



