Analysis & Synthesis report for Lab8
Mon May 31 19:28:45 2021
Quartus II 64-Bit Version 13.0.1 Build 232 06/12/2013 Service Pack 1 SJ Web Edition


---------------------
; Table of Contents ;
---------------------
  1. Legal Notice
  2. Analysis & Synthesis Summary
  3. Analysis & Synthesis Settings
  4. Parallel Compilation
  5. Analysis & Synthesis Source Files Read
  6. Analysis & Synthesis Resource Usage Summary
  7. Analysis & Synthesis Resource Utilization by Entity
  8. Analysis & Synthesis RAM Summary
  9. Analysis & Synthesis IP Cores Summary
 10. State Machine - |Lab8|MultiplierP:b2v_inst2|CtrlLogicP:U_CTL|state
 11. Registers Removed During Synthesis
 12. General Register Statistics
 13. Inverted Register Statistics
 14. Multiplexer Restructuring Statistics (Restructuring Performed)
 15. Source assignments for ram2ports4x256:b2v_inst|altsyncram:altsyncram_component|altsyncram_dg92:auto_generated
 16. Parameter Settings for User Entity Instance: ram2ports4x256:b2v_inst|altsyncram:altsyncram_component
 17. Parameter Settings for User Entity Instance: Accumulator:b2v_inst1|LPM_FF:inst1
 18. Parameter Settings for User Entity Instance: MultiplierP:b2v_inst2
 19. Parameter Settings for User Entity Instance: MultiplierP:b2v_inst2|Reg:R_A
 20. Parameter Settings for User Entity Instance: MultiplierP:b2v_inst2|Reg:R_B
 21. Parameter Settings for User Entity Instance: MultiplierP:b2v_inst2|Reg:R_C
 22. Parameter Settings for User Entity Instance: MultiplierP:b2v_inst2|Reg:R_H
 23. Parameter Settings for User Entity Instance: MultiplierP:b2v_inst2|Reg:R_L
 24. Parameter Settings for User Entity Instance: MultiplierP:b2v_inst2|Adder:U_ADD
 25. Parameter Settings for User Entity Instance: MultiplierP:b2v_inst2|CtrlLogicP:U_CTL
 26. altsyncram Parameter Settings by Entity Instance
 27. Port Connectivity Checks: "ControlUnit:b2v_inst3"
 28. Port Connectivity Checks: "MultiplierP:b2v_inst2|Reg:R_L"
 29. Port Connectivity Checks: "MultiplierP:b2v_inst2|Reg:R_C"
 30. Port Connectivity Checks: "MultiplierP:b2v_inst2|Reg:R_B"
 31. Port Connectivity Checks: "MultiplierP:b2v_inst2"
 32. Port Connectivity Checks: "ram2ports4x256:b2v_inst"
 33. Elapsed Time Per Partition
 34. Analysis & Synthesis Messages



----------------
; Legal Notice ;
----------------
Copyright (C) 1991-2013 Altera Corporation
Your use of Altera Corporation's design tools, logic functions 
and other software and tools, and its AMPP partner logic 
functions, and any output files from any of the foregoing 
(including device programming or simulation files), and any 
associated documentation or information are expressly subject 
to the terms and conditions of the Altera Program License 
Subscription Agreement, Altera MegaCore Function License 
Agreement, or other applicable license agreement, including, 
without limitation, that your use is for the sole purpose of 
programming logic devices manufactured by Altera and sold by 
Altera or its authorized distributors.  Please refer to the 
applicable agreement for further details.



+--------------------------------------------------------------------------------------+
; Analysis & Synthesis Summary                                                         ;
+------------------------------------+-------------------------------------------------+
; Analysis & Synthesis Status        ; Successful - Mon May 31 19:28:45 2021           ;
; Quartus II 64-Bit Version          ; 13.0.1 Build 232 06/12/2013 SP 1 SJ Web Edition ;
; Revision Name                      ; Lab8                                            ;
; Top-level Entity Name              ; Lab8                                            ;
; Family                             ; Cyclone II                                      ;
; Total logic elements               ; 89                                              ;
;     Total combinational functions  ; 79                                              ;
;     Dedicated logic registers      ; 54                                              ;
; Total registers                    ; 54                                              ;
; Total pins                         ; 56                                              ;
; Total virtual pins                 ; 0                                               ;
; Total memory bits                  ; 1,024                                           ;
; Embedded Multiplier 9-bit elements ; 0                                               ;
; Total PLLs                         ; 0                                               ;
+------------------------------------+-------------------------------------------------+


+----------------------------------------------------------------------------------------------------------------------+
; Analysis & Synthesis Settings                                                                                        ;
+----------------------------------------------------------------------------+--------------------+--------------------+
; Option                                                                     ; Setting            ; Default Value      ;
+----------------------------------------------------------------------------+--------------------+--------------------+
; Device                                                                     ; EP2C35F484C6       ;                    ;
; Top-level entity name                                                      ; Lab8               ; Lab8               ;
; Family name                                                                ; Cyclone II         ; Cyclone IV GX      ;
; VHDL Show LMF Mapping Messages                                             ; Off                ;                    ;
; VHDL Version                                                               ; VHDL_2008          ; VHDL_1993          ;
; Use smart compilation                                                      ; Off                ; Off                ;
; Enable parallel Assembler and TimeQuest Timing Analyzer during compilation ; On                 ; On                 ;
; Enable compact report table                                                ; Off                ; Off                ;
; Restructure Multiplexers                                                   ; Auto               ; Auto               ;
; Create Debugging Nodes for IP Cores                                        ; Off                ; Off                ;
; Preserve fewer node names                                                  ; On                 ; On                 ;
; Disable OpenCore Plus hardware evaluation                                  ; Off                ; Off                ;
; Verilog Version                                                            ; Verilog_2001       ; Verilog_2001       ;
; State Machine Processing                                                   ; Auto               ; Auto               ;
; Safe State Machine                                                         ; Off                ; Off                ;
; Extract Verilog State Machines                                             ; On                 ; On                 ;
; Extract VHDL State Machines                                                ; On                 ; On                 ;
; Ignore Verilog initial constructs                                          ; Off                ; Off                ;
; Iteration limit for constant Verilog loops                                 ; 5000               ; 5000               ;
; Iteration limit for non-constant Verilog loops                             ; 250                ; 250                ;
; Add Pass-Through Logic to Inferred RAMs                                    ; On                 ; On                 ;
; Infer RAMs from Raw Logic                                                  ; On                 ; On                 ;
; Parallel Synthesis                                                         ; On                 ; On                 ;
; DSP Block Balancing                                                        ; Auto               ; Auto               ;
; NOT Gate Push-Back                                                         ; On                 ; On                 ;
; Power-Up Don't Care                                                        ; On                 ; On                 ;
; Remove Redundant Logic Cells                                               ; Off                ; Off                ;
; Remove Duplicate Registers                                                 ; On                 ; On                 ;
; Ignore CARRY Buffers                                                       ; Off                ; Off                ;
; Ignore CASCADE Buffers                                                     ; Off                ; Off                ;
; Ignore GLOBAL Buffers                                                      ; Off                ; Off                ;
; Ignore ROW GLOBAL Buffers                                                  ; Off                ; Off                ;
; Ignore LCELL Buffers                                                       ; Off                ; Off                ;
; Ignore SOFT Buffers                                                        ; On                 ; On                 ;
; Limit AHDL Integers to 32 Bits                                             ; Off                ; Off                ;
; Optimization Technique                                                     ; Balanced           ; Balanced           ;
; Carry Chain Length                                                         ; 70                 ; 70                 ;
; Auto Carry Chains                                                          ; On                 ; On                 ;
; Auto Open-Drain Pins                                                       ; On                 ; On                 ;
; Perform WYSIWYG Primitive Resynthesis                                      ; Off                ; Off                ;
; Auto ROM Replacement                                                       ; On                 ; On                 ;
; Auto RAM Replacement                                                       ; On                 ; On                 ;
; Auto Shift Register Replacement                                            ; Auto               ; Auto               ;
; Allow Shift Register Merging across Hierarchies                            ; Auto               ; Auto               ;
; Auto Clock Enable Replacement                                              ; On                 ; On                 ;
; Strict RAM Replacement                                                     ; Off                ; Off                ;
; Allow Synchronous Control Signals                                          ; On                 ; On                 ;
; Force Use of Synchronous Clear Signals                                     ; Off                ; Off                ;
; Auto RAM to Logic Cell Conversion                                          ; Off                ; Off                ;
; Auto Resource Sharing                                                      ; Off                ; Off                ;
; Allow Any RAM Size For Recognition                                         ; Off                ; Off                ;
; Allow Any ROM Size For Recognition                                         ; Off                ; Off                ;
; Allow Any Shift Register Size For Recognition                              ; Off                ; Off                ;
; Use LogicLock Constraints during Resource Balancing                        ; On                 ; On                 ;
; Ignore translate_off and synthesis_off directives                          ; Off                ; Off                ;
; Timing-Driven Synthesis                                                    ; Off                ; Off                ;
; Report Parameter Settings                                                  ; On                 ; On                 ;
; Report Source Assignments                                                  ; On                 ; On                 ;
; Report Connectivity Checks                                                 ; On                 ; On                 ;
; Ignore Maximum Fan-Out Assignments                                         ; Off                ; Off                ;
; Synchronization Register Chain Length                                      ; 2                  ; 2                  ;
; PowerPlay Power Optimization                                               ; Normal compilation ; Normal compilation ;
; HDL message level                                                          ; Level2             ; Level2             ;
; Suppress Register Optimization Related Messages                            ; Off                ; Off                ;
; Number of Removed Registers Reported in Synthesis Report                   ; 5000               ; 5000               ;
; Number of Swept Nodes Reported in Synthesis Report                         ; 5000               ; 5000               ;
; Number of Inverted Registers Reported in Synthesis Report                  ; 100                ; 100                ;
; Clock MUX Protection                                                       ; On                 ; On                 ;
; Auto Gated Clock Conversion                                                ; Off                ; Off                ;
; Block Design Naming                                                        ; Auto               ; Auto               ;
; SDC constraint protection                                                  ; Off                ; Off                ;
; Synthesis Effort                                                           ; Auto               ; Auto               ;
; Shift Register Replacement - Allow Asynchronous Clear Signal               ; On                 ; On                 ;
; Pre-Mapping Resynthesis Optimization                                       ; Off                ; Off                ;
; Analysis & Synthesis Message Level                                         ; Medium             ; Medium             ;
; Disable Register Merging Across Hierarchies                                ; Auto               ; Auto               ;
; Resource Aware Inference For Block RAM                                     ; On                 ; On                 ;
; Synthesis Seed                                                             ; 1                  ; 1                  ;
+----------------------------------------------------------------------------+--------------------+--------------------+


Parallel compilation was disabled, but you have multiple processors available. Enable parallel compilation to reduce compilation time.
+-------------------------------------+
; Parallel Compilation                ;
+----------------------------+--------+
; Processors                 ; Number ;
+----------------------------+--------+
; Number detected on machine ; 4      ;
; Maximum allowed            ; 1      ;
+----------------------------+--------+


+------------------------------------------------------------------------------------------------------------------------------------------------------------------------------+
; Analysis & Synthesis Source Files Read                                                                                                                                       ;
+----------------------------------+-----------------+------------------------------------+--------------------------------------------------------------------------+---------+
; File Name with User-Entered Path ; Used in Netlist ; File Type                          ; File Name with Absolute Path                                             ; Library ;
+----------------------------------+-----------------+------------------------------------+--------------------------------------------------------------------------+---------+
; Lab8.vhd                         ; yes             ; User VHDL File                     ; E:/Quartus/DigitalDesignII(4202-4089)/Lab8/Lab8.vhd                      ;         ;
; Declare.vhd                      ; yes             ; User VHDL File                     ; E:/Quartus/DigitalDesignII(4202-4089)/Lab8/Declare.vhd                   ;         ;
; CtrlLogicP.vhd                   ; yes             ; User VHDL File                     ; E:/Quartus/DigitalDesignII(4202-4089)/Lab8/CtrlLogicP.vhd                ;         ;
; Adder.vhd                        ; yes             ; User VHDL File                     ; E:/Quartus/DigitalDesignII(4202-4089)/Lab8/Adder.vhd                     ;         ;
; Reg.vhd                          ; yes             ; User VHDL File                     ; E:/Quartus/DigitalDesignII(4202-4089)/Lab8/Reg.vhd                       ;         ;
; MultiplierP.vhd                  ; yes             ; User VHDL File                     ; E:/Quartus/DigitalDesignII(4202-4089)/Lab8/MultiplierP.vhd               ;         ;
; Accumulator.bdf                  ; yes             ; User Block Diagram/Schematic File  ; E:/Quartus/DigitalDesignII(4202-4089)/Lab8/Accumulator.bdf               ;         ;
; HA.bdf                           ; yes             ; User Block Diagram/Schematic File  ; E:/Quartus/DigitalDesignII(4202-4089)/Lab8/HA.bdf                        ;         ;
; FA.bdf                           ; yes             ; User Block Diagram/Schematic File  ; E:/Quartus/DigitalDesignII(4202-4089)/Lab8/FA.bdf                        ;         ;
; RamContents.mif                  ; yes             ; User Memory Initialization File    ; E:/Quartus/DigitalDesignII(4202-4089)/Lab8/RamContents.mif               ;         ;
; ram2ports4x256.vhd               ; yes             ; User Wizard-Generated File         ; E:/Quartus/DigitalDesignII(4202-4089)/Lab8/ram2ports4x256.vhd            ;         ;
; 16bitAdder.bdf                   ; yes             ; User Block Diagram/Schematic File  ; E:/Quartus/DigitalDesignII(4202-4089)/Lab8/16bitAdder.bdf                ;         ;
; ControlUnit.vhd                  ; yes             ; User VHDL File                     ; E:/Quartus/DigitalDesignII(4202-4089)/Lab8/ControlUnit.vhd               ;         ;
; altsyncram.tdf                   ; yes             ; Megafunction                       ; e:/quartus/quartus/quartus/libraries/megafunctions/altsyncram.tdf        ;         ;
; stratix_ram_block.inc            ; yes             ; Megafunction                       ; e:/quartus/quartus/quartus/libraries/megafunctions/stratix_ram_block.inc ;         ;
; lpm_mux.inc                      ; yes             ; Megafunction                       ; e:/quartus/quartus/quartus/libraries/megafunctions/lpm_mux.inc           ;         ;
; lpm_decode.inc                   ; yes             ; Megafunction                       ; e:/quartus/quartus/quartus/libraries/megafunctions/lpm_decode.inc        ;         ;
; aglobal130.inc                   ; yes             ; Megafunction                       ; e:/quartus/quartus/quartus/libraries/megafunctions/aglobal130.inc        ;         ;
; a_rdenreg.inc                    ; yes             ; Megafunction                       ; e:/quartus/quartus/quartus/libraries/megafunctions/a_rdenreg.inc         ;         ;
; altrom.inc                       ; yes             ; Megafunction                       ; e:/quartus/quartus/quartus/libraries/megafunctions/altrom.inc            ;         ;
; altram.inc                       ; yes             ; Megafunction                       ; e:/quartus/quartus/quartus/libraries/megafunctions/altram.inc            ;         ;
; altdpram.inc                     ; yes             ; Megafunction                       ; e:/quartus/quartus/quartus/libraries/megafunctions/altdpram.inc          ;         ;
; db/altsyncram_dg92.tdf           ; yes             ; Auto-Generated Megafunction        ; E:/Quartus/DigitalDesignII(4202-4089)/Lab8/db/altsyncram_dg92.tdf        ;         ;
; lpm_ff.tdf                       ; yes             ; Megafunction                       ; e:/quartus/quartus/quartus/libraries/megafunctions/lpm_ff.tdf            ;         ;
; lpm_constant.inc                 ; yes             ; Megafunction                       ; e:/quartus/quartus/quartus/libraries/megafunctions/lpm_constant.inc      ;         ;
+----------------------------------+-----------------+------------------------------------+--------------------------------------------------------------------------+---------+


+-----------------------------------------------------+
; Analysis & Synthesis Resource Usage Summary         ;
+---------------------------------------------+-------+
; Resource                                    ; Usage ;
+---------------------------------------------+-------+
; Estimated Total logic elements              ; 89    ;
;                                             ;       ;
; Total combinational functions               ; 79    ;
; Logic element usage by number of LUT inputs ;       ;
;     -- 4 input functions                    ; 26    ;
;     -- 3 input functions                    ; 28    ;
;     -- <=2 input functions                  ; 25    ;
;                                             ;       ;
; Logic elements by mode                      ;       ;
;     -- normal mode                          ; 67    ;
;     -- arithmetic mode                      ; 12    ;
;                                             ;       ;
; Total registers                             ; 54    ;
;     -- Dedicated logic registers            ; 54    ;
;     -- I/O registers                        ; 0     ;
;                                             ;       ;
; I/O pins                                    ; 56    ;
; Total memory bits                           ; 1024  ;
; Embedded Multiplier 9-bit elements          ; 0     ;
; Maximum fan-out node                        ; clck  ;
; Maximum fan-out                             ; 43    ;
; Total fan-out                               ; 495   ;
; Average fan-out                             ; 2.56  ;
+---------------------------------------------+-------+


+---------------------------------------------------------------------------------------------------------------------------------------------------------------------------------------------------------------------------------------------------------------------+
; Analysis & Synthesis Resource Utilization by Entity                                                                                                                                                                                                                 ;
+-------------------------------------------+-------------------+--------------+-------------+--------------+---------+-----------+------+--------------+----------------------------------------------------------------------------------------------+--------------+
; Compilation Hierarchy Node                ; LC Combinationals ; LC Registers ; Memory Bits ; DSP Elements ; DSP 9x9 ; DSP 18x18 ; Pins ; Virtual Pins ; Full Hierarchy Name                                                                          ; Library Name ;
+-------------------------------------------+-------------------+--------------+-------------+--------------+---------+-----------+------+--------------+----------------------------------------------------------------------------------------------+--------------+
; |Lab8                                     ; 79 (2)            ; 54 (0)       ; 1024        ; 0            ; 0       ; 0         ; 56   ; 0            ; |Lab8                                                                                        ; work         ;
;    |Accumulator:b2v_inst1|                ; 27 (0)            ; 16 (0)       ; 0           ; 0            ; 0       ; 0         ; 0    ; 0            ; |Lab8|Accumulator:b2v_inst1                                                                  ; work         ;
;       |16bitAdder:inst|                   ; 27 (0)            ; 0 (0)        ; 0           ; 0            ; 0       ; 0         ; 0    ; 0            ; |Lab8|Accumulator:b2v_inst1|16bitAdder:inst                                                  ; work         ;
;          |FA:inst1|                       ; 2 (2)             ; 0 (0)        ; 0           ; 0            ; 0       ; 0         ; 0    ; 0            ; |Lab8|Accumulator:b2v_inst1|16bitAdder:inst|FA:inst1                                         ; work         ;
;          |FA:inst2|                       ; 2 (2)             ; 0 (0)        ; 0           ; 0            ; 0       ; 0         ; 0    ; 0            ; |Lab8|Accumulator:b2v_inst1|16bitAdder:inst|FA:inst2                                         ; work         ;
;          |FA:inst3|                       ; 2 (2)             ; 0 (0)        ; 0           ; 0            ; 0       ; 0         ; 0    ; 0            ; |Lab8|Accumulator:b2v_inst1|16bitAdder:inst|FA:inst3                                         ; work         ;
;          |FA:inst4|                       ; 1 (1)             ; 0 (0)        ; 0           ; 0            ; 0       ; 0         ; 0    ; 0            ; |Lab8|Accumulator:b2v_inst1|16bitAdder:inst|FA:inst4                                         ; work         ;
;          |FA:inst5|                       ; 5 (5)             ; 0 (0)        ; 0           ; 0            ; 0       ; 0         ; 0    ; 0            ; |Lab8|Accumulator:b2v_inst1|16bitAdder:inst|FA:inst5                                         ; work         ;
;          |FA:inst6|                       ; 2 (2)             ; 0 (0)        ; 0           ; 0            ; 0       ; 0         ; 0    ; 0            ; |Lab8|Accumulator:b2v_inst1|16bitAdder:inst|FA:inst6                                         ; work         ;
;          |FA:inst7|                       ; 1 (1)             ; 0 (0)        ; 0           ; 0            ; 0       ; 0         ; 0    ; 0            ; |Lab8|Accumulator:b2v_inst1|16bitAdder:inst|FA:inst7                                         ; work         ;
;          |FA:inst|                        ; 1 (1)             ; 0 (0)        ; 0           ; 0            ; 0       ; 0         ; 0    ; 0            ; |Lab8|Accumulator:b2v_inst1|16bitAdder:inst|FA:inst                                          ; work         ;
;          |HA:inst10|                      ; 1 (1)             ; 0 (0)        ; 0           ; 0            ; 0       ; 0         ; 0    ; 0            ; |Lab8|Accumulator:b2v_inst1|16bitAdder:inst|HA:inst10                                        ; work         ;
;          |HA:inst11|                      ; 2 (2)             ; 0 (0)        ; 0           ; 0            ; 0       ; 0         ; 0    ; 0            ; |Lab8|Accumulator:b2v_inst1|16bitAdder:inst|HA:inst11                                        ; work         ;
;          |HA:inst12|                      ; 2 (2)             ; 0 (0)        ; 0           ; 0            ; 0       ; 0         ; 0    ; 0            ; |Lab8|Accumulator:b2v_inst1|16bitAdder:inst|HA:inst12                                        ; work         ;
;          |HA:inst13|                      ; 1 (1)             ; 0 (0)        ; 0           ; 0            ; 0       ; 0         ; 0    ; 0            ; |Lab8|Accumulator:b2v_inst1|16bitAdder:inst|HA:inst13                                        ; work         ;
;          |HA:inst14|                      ; 1 (1)             ; 0 (0)        ; 0           ; 0            ; 0       ; 0         ; 0    ; 0            ; |Lab8|Accumulator:b2v_inst1|16bitAdder:inst|HA:inst14                                        ; work         ;
;          |HA:inst15|                      ; 2 (2)             ; 0 (0)        ; 0           ; 0            ; 0       ; 0         ; 0    ; 0            ; |Lab8|Accumulator:b2v_inst1|16bitAdder:inst|HA:inst15                                        ; work         ;
;          |HA:inst16|                      ; 1 (1)             ; 0 (0)        ; 0           ; 0            ; 0       ; 0         ; 0    ; 0            ; |Lab8|Accumulator:b2v_inst1|16bitAdder:inst|HA:inst16                                        ; work         ;
;          |HA:inst17|                      ; 1 (1)             ; 0 (0)        ; 0           ; 0            ; 0       ; 0         ; 0    ; 0            ; |Lab8|Accumulator:b2v_inst1|16bitAdder:inst|HA:inst17                                        ; work         ;
;       |lpm_ff:inst1|                      ; 0 (0)             ; 16 (16)      ; 0           ; 0            ; 0       ; 0         ; 0    ; 0            ; |Lab8|Accumulator:b2v_inst1|lpm_ff:inst1                                                     ; work         ;
;    |ControlUnit:b2v_inst3|                ; 23 (23)           ; 13 (13)      ; 0           ; 0            ; 0       ; 0         ; 0    ; 0            ; |Lab8|ControlUnit:b2v_inst3                                                                  ; work         ;
;    |MultiplierP:b2v_inst2|                ; 27 (4)            ; 25 (0)       ; 0           ; 0            ; 0       ; 0         ; 0    ; 0            ; |Lab8|MultiplierP:b2v_inst2                                                                  ; work         ;
;       |Adder:U_ADD|                       ; 5 (5)             ; 0 (0)        ; 0           ; 0            ; 0       ; 0         ; 0    ; 0            ; |Lab8|MultiplierP:b2v_inst2|Adder:U_ADD                                                      ; work         ;
;       |CtrlLogicP:U_CTL|                  ; 9 (9)             ; 8 (8)        ; 0           ; 0            ; 0       ; 0         ; 0    ; 0            ; |Lab8|MultiplierP:b2v_inst2|CtrlLogicP:U_CTL                                                 ; work         ;
;       |Reg:R_A|                           ; 0 (0)             ; 4 (4)        ; 0           ; 0            ; 0       ; 0         ; 0    ; 0            ; |Lab8|MultiplierP:b2v_inst2|Reg:R_A                                                          ; work         ;
;       |Reg:R_B|                           ; 4 (4)             ; 4 (4)        ; 0           ; 0            ; 0       ; 0         ; 0    ; 0            ; |Lab8|MultiplierP:b2v_inst2|Reg:R_B                                                          ; work         ;
;       |Reg:R_C|                           ; 1 (1)             ; 1 (1)        ; 0           ; 0            ; 0       ; 0         ; 0    ; 0            ; |Lab8|MultiplierP:b2v_inst2|Reg:R_C                                                          ; work         ;
;       |Reg:R_H|                           ; 4 (4)             ; 4 (4)        ; 0           ; 0            ; 0       ; 0         ; 0    ; 0            ; |Lab8|MultiplierP:b2v_inst2|Reg:R_H                                                          ; work         ;
;       |Reg:R_L|                           ; 0 (0)             ; 4 (4)        ; 0           ; 0            ; 0       ; 0         ; 0    ; 0            ; |Lab8|MultiplierP:b2v_inst2|Reg:R_L                                                          ; work         ;
;    |ram2ports4x256:b2v_inst|              ; 0 (0)             ; 0 (0)        ; 1024        ; 0            ; 0       ; 0         ; 0    ; 0            ; |Lab8|ram2ports4x256:b2v_inst                                                                ; work         ;
;       |altsyncram:altsyncram_component|   ; 0 (0)             ; 0 (0)        ; 1024        ; 0            ; 0       ; 0         ; 0    ; 0            ; |Lab8|ram2ports4x256:b2v_inst|altsyncram:altsyncram_component                                ; work         ;
;          |altsyncram_dg92:auto_generated| ; 0 (0)             ; 0 (0)        ; 1024        ; 0            ; 0       ; 0         ; 0    ; 0            ; |Lab8|ram2ports4x256:b2v_inst|altsyncram:altsyncram_component|altsyncram_dg92:auto_generated ; work         ;
+-------------------------------------------+-------------------+--------------+-------------+--------------+---------+-----------+------+--------------+----------------------------------------------------------------------------------------------+--------------+
Note: For table entries with two numbers listed, the numbers in parentheses indicate the number of resources of the given type used by the specific entity alone. The numbers listed outside of parentheses indicate the total resources of the given type used by the specific entity and all of its sub-entities in the hierarchy.


+----------------------------------------------------------------------------------------------------------------------------------------------------------------------------------------------------------------+
; Analysis & Synthesis RAM Summary                                                                                                                                                                               ;
+---------------------------------------------------------------------------------------------------+------+----------------+--------------+--------------+--------------+--------------+------+-----------------+
; Name                                                                                              ; Type ; Mode           ; Port A Depth ; Port A Width ; Port B Depth ; Port B Width ; Size ; MIF             ;
+---------------------------------------------------------------------------------------------------+------+----------------+--------------+--------------+--------------+--------------+------+-----------------+
; ram2ports4x256:b2v_inst|altsyncram:altsyncram_component|altsyncram_dg92:auto_generated|ALTSYNCRAM ; AUTO ; True Dual Port ; 256          ; 4            ; 256          ; 4            ; 1024 ; RamContents.mif ;
+---------------------------------------------------------------------------------------------------+------+----------------+--------------+--------------+--------------+--------------+------+-----------------+


+---------------------------------------------------------------------------------------------------------------------------------------------------------------+
; Analysis & Synthesis IP Cores Summary                                                                                                                         ;
+--------+--------------+---------+--------------+--------------+-------------------------------+---------------------------------------------------------------+
; Vendor ; IP Core Name ; Version ; Release Date ; License Type ; Entity Instance               ; IP Include File                                               ;
+--------+--------------+---------+--------------+--------------+-------------------------------+---------------------------------------------------------------+
; Altera ; RAM: 2-PORT  ; 13.0    ; N/A          ; N/A          ; |Lab8|ram2ports4x256:b2v_inst ; E:/Quartus/DigitalDesignII(4202-4089)/Lab8/ram2ports4x256.vhd ;
+--------+--------------+---------+--------------+--------------+-------------------------------+---------------------------------------------------------------+


Encoding Type:  One-Hot
+--------------------------------------------------------------------+
; State Machine - |Lab8|MultiplierP:b2v_inst2|CtrlLogicP:U_CTL|state ;
+--------------+--------------+-------------+-----------+------------+
; Name         ; state.FINISH ; state.SHIFT ; state.ADD ; state.LOAD ;
+--------------+--------------+-------------+-----------+------------+
; state.LOAD   ; 0            ; 0           ; 0         ; 0          ;
; state.ADD    ; 0            ; 0           ; 1         ; 1          ;
; state.SHIFT  ; 0            ; 1           ; 0         ; 1          ;
; state.FINISH ; 1            ; 0           ; 0         ; 1          ;
+--------------+--------------+-------------+-----------+------------+


+--------------------------------------------------------------------------+
; Registers Removed During Synthesis                                       ;
+-----------------------------------------------------+--------------------+
; Register name                                       ; Reason for Removal ;
+-----------------------------------------------------+--------------------+
; MultiplierP:b2v_inst2|CtrlLogicP:U_CTL|state.FINISH ; Lost fanout        ;
; Total Number of Removed Registers = 1               ;                    ;
+-----------------------------------------------------+--------------------+


+------------------------------------------------------+
; General Register Statistics                          ;
+----------------------------------------------+-------+
; Statistic                                    ; Value ;
+----------------------------------------------+-------+
; Total registers                              ; 54    ;
; Number of registers using Synchronous Clear  ; 0     ;
; Number of registers using Synchronous Load   ; 0     ;
; Number of registers using Asynchronous Clear ; 47    ;
; Number of registers using Asynchronous Load  ; 0     ;
; Number of registers using Clock Enable       ; 22    ;
; Number of registers using Preset             ; 0     ;
+----------------------------------------------+-------+


+--------------------------------------------------+
; Inverted Register Statistics                     ;
+----------------------------------------+---------+
; Inverted Register                      ; Fan out ;
+----------------------------------------+---------+
; ControlUnit:b2v_inst3|rstMUL           ; 27      ;
; Total number of inverted registers = 1 ;         ;
+----------------------------------------+---------+


+------------------------------------------------------------------------------------------------------------------------------------------------------+
; Multiplexer Restructuring Statistics (Restructuring Performed)                                                                                       ;
+--------------------+-----------+---------------+----------------------+------------------------+------------+----------------------------------------+
; Multiplexer Inputs ; Bus Width ; Baseline Area ; Area if Restructured ; Saving if Restructured ; Registered ; Example Multiplexer Output             ;
+--------------------+-----------+---------------+----------------------+------------------------+------------+----------------------------------------+
; 5:1                ; 4 bits    ; 12 LEs        ; 4 LEs                ; 8 LEs                  ; Yes        ; |Lab8|ControlUnit:b2v_inst3|counter[3] ;
+--------------------+-----------+---------------+----------------------+------------------------+------------+----------------------------------------+


+---------------------------------------------------------------------------------------------------------------+
; Source assignments for ram2ports4x256:b2v_inst|altsyncram:altsyncram_component|altsyncram_dg92:auto_generated ;
+---------------------------------+--------------------+------+-------------------------------------------------+
; Assignment                      ; Value              ; From ; To                                              ;
+---------------------------------+--------------------+------+-------------------------------------------------+
; OPTIMIZE_POWER_DURING_SYNTHESIS ; NORMAL_COMPILATION ; -    ; -                                               ;
+---------------------------------+--------------------+------+-------------------------------------------------+


+------------------------------------------------------------------------------------------------------+
; Parameter Settings for User Entity Instance: ram2ports4x256:b2v_inst|altsyncram:altsyncram_component ;
+------------------------------------+----------------------+------------------------------------------+
; Parameter Name                     ; Value                ; Type                                     ;
+------------------------------------+----------------------+------------------------------------------+
; BYTE_SIZE_BLOCK                    ; 8                    ; Untyped                                  ;
; AUTO_CARRY_CHAINS                  ; ON                   ; AUTO_CARRY                               ;
; IGNORE_CARRY_BUFFERS               ; OFF                  ; IGNORE_CARRY                             ;
; AUTO_CASCADE_CHAINS                ; ON                   ; AUTO_CASCADE                             ;
; IGNORE_CASCADE_BUFFERS             ; OFF                  ; IGNORE_CASCADE                           ;
; WIDTH_BYTEENA                      ; 1                    ; Untyped                                  ;
; OPERATION_MODE                     ; BIDIR_DUAL_PORT      ; Untyped                                  ;
; WIDTH_A                            ; 4                    ; Signed Integer                           ;
; WIDTHAD_A                          ; 8                    ; Signed Integer                           ;
; NUMWORDS_A                         ; 256                  ; Signed Integer                           ;
; OUTDATA_REG_A                      ; UNREGISTERED         ; Untyped                                  ;
; ADDRESS_ACLR_A                     ; NONE                 ; Untyped                                  ;
; OUTDATA_ACLR_A                     ; NONE                 ; Untyped                                  ;
; WRCONTROL_ACLR_A                   ; NONE                 ; Untyped                                  ;
; INDATA_ACLR_A                      ; NONE                 ; Untyped                                  ;
; BYTEENA_ACLR_A                     ; NONE                 ; Untyped                                  ;
; WIDTH_B                            ; 4                    ; Signed Integer                           ;
; WIDTHAD_B                          ; 8                    ; Signed Integer                           ;
; NUMWORDS_B                         ; 256                  ; Signed Integer                           ;
; INDATA_REG_B                       ; CLOCK0               ; Untyped                                  ;
; WRCONTROL_WRADDRESS_REG_B          ; CLOCK0               ; Untyped                                  ;
; RDCONTROL_REG_B                    ; CLOCK1               ; Untyped                                  ;
; ADDRESS_REG_B                      ; CLOCK0               ; Untyped                                  ;
; OUTDATA_REG_B                      ; UNREGISTERED         ; Untyped                                  ;
; BYTEENA_REG_B                      ; CLOCK1               ; Untyped                                  ;
; INDATA_ACLR_B                      ; NONE                 ; Untyped                                  ;
; WRCONTROL_ACLR_B                   ; NONE                 ; Untyped                                  ;
; ADDRESS_ACLR_B                     ; NONE                 ; Untyped                                  ;
; OUTDATA_ACLR_B                     ; NONE                 ; Untyped                                  ;
; RDCONTROL_ACLR_B                   ; NONE                 ; Untyped                                  ;
; BYTEENA_ACLR_B                     ; NONE                 ; Untyped                                  ;
; WIDTH_BYTEENA_A                    ; 1                    ; Signed Integer                           ;
; WIDTH_BYTEENA_B                    ; 1                    ; Signed Integer                           ;
; RAM_BLOCK_TYPE                     ; AUTO                 ; Untyped                                  ;
; BYTE_SIZE                          ; 8                    ; Untyped                                  ;
; READ_DURING_WRITE_MODE_MIXED_PORTS ; DONT_CARE            ; Untyped                                  ;
; READ_DURING_WRITE_MODE_PORT_A      ; NEW_DATA_NO_NBE_READ ; Untyped                                  ;
; READ_DURING_WRITE_MODE_PORT_B      ; NEW_DATA_NO_NBE_READ ; Untyped                                  ;
; INIT_FILE                          ; RamContents.mif      ; Untyped                                  ;
; INIT_FILE_LAYOUT                   ; PORT_A               ; Untyped                                  ;
; MAXIMUM_DEPTH                      ; 0                    ; Untyped                                  ;
; CLOCK_ENABLE_INPUT_A               ; BYPASS               ; Untyped                                  ;
; CLOCK_ENABLE_INPUT_B               ; BYPASS               ; Untyped                                  ;
; CLOCK_ENABLE_OUTPUT_A              ; BYPASS               ; Untyped                                  ;
; CLOCK_ENABLE_OUTPUT_B              ; BYPASS               ; Untyped                                  ;
; CLOCK_ENABLE_CORE_A                ; USE_INPUT_CLKEN      ; Untyped                                  ;
; CLOCK_ENABLE_CORE_B                ; USE_INPUT_CLKEN      ; Untyped                                  ;
; ENABLE_ECC                         ; FALSE                ; Untyped                                  ;
; ECC_PIPELINE_STAGE_ENABLED         ; FALSE                ; Untyped                                  ;
; WIDTH_ECCSTATUS                    ; 3                    ; Untyped                                  ;
; DEVICE_FAMILY                      ; Cyclone II           ; Untyped                                  ;
; CBXI_PARAMETER                     ; altsyncram_dg92      ; Untyped                                  ;
+------------------------------------+----------------------+------------------------------------------+
Note: In order to hide this table in the UI and the text report file, please set the "Show Parameter Settings in Synthesis Report" option in "Analysis and Synthesis Settings -> More Settings" to "Off".


+---------------------------------------------------------------------------------+
; Parameter Settings for User Entity Instance: Accumulator:b2v_inst1|LPM_FF:inst1 ;
+------------------------+------------+-------------------------------------------+
; Parameter Name         ; Value      ; Type                                      ;
+------------------------+------------+-------------------------------------------+
; LPM_WIDTH              ; 16         ; Untyped                                   ;
; LPM_AVALUE             ; UNUSED     ; Untyped                                   ;
; LPM_SVALUE             ; UNUSED     ; Untyped                                   ;
; LPM_FFTYPE             ; DFF        ; Untyped                                   ;
; DEVICE_FAMILY          ; Cyclone II ; Untyped                                   ;
; CBXI_PARAMETER         ; NOTHING    ; Untyped                                   ;
; AUTO_CARRY_CHAINS      ; ON         ; AUTO_CARRY                                ;
; IGNORE_CARRY_BUFFERS   ; OFF        ; IGNORE_CARRY                              ;
; AUTO_CASCADE_CHAINS    ; ON         ; AUTO_CASCADE                              ;
; IGNORE_CASCADE_BUFFERS ; OFF        ; IGNORE_CASCADE                            ;
+------------------------+------------+-------------------------------------------+
Note: In order to hide this table in the UI and the text report file, please set the "Show Parameter Settings in Synthesis Report" option in "Analysis and Synthesis Settings -> More Settings" to "Off".


+--------------------------------------------------------------------+
; Parameter Settings for User Entity Instance: MultiplierP:b2v_inst2 ;
+----------------+-------+-------------------------------------------+
; Parameter Name ; Value ; Type                                      ;
+----------------+-------+-------------------------------------------+
; n              ; 4     ; Signed Integer                            ;
+----------------+-------+-------------------------------------------+
Note: In order to hide this table in the UI and the text report file, please set the "Show Parameter Settings in Synthesis Report" option in "Analysis and Synthesis Settings -> More Settings" to "Off".


+----------------------------------------------------------------------------+
; Parameter Settings for User Entity Instance: MultiplierP:b2v_inst2|Reg:R_A ;
+----------------+-------+---------------------------------------------------+
; Parameter Name ; Value ; Type                                              ;
+----------------+-------+---------------------------------------------------+
; n              ; 4     ; Signed Integer                                    ;
+----------------+-------+---------------------------------------------------+
Note: In order to hide this table in the UI and the text report file, please set the "Show Parameter Settings in Synthesis Report" option in "Analysis and Synthesis Settings -> More Settings" to "Off".


+----------------------------------------------------------------------------+
; Parameter Settings for User Entity Instance: MultiplierP:b2v_inst2|Reg:R_B ;
+----------------+-------+---------------------------------------------------+
; Parameter Name ; Value ; Type                                              ;
+----------------+-------+---------------------------------------------------+
; n              ; 4     ; Signed Integer                                    ;
+----------------+-------+---------------------------------------------------+
Note: In order to hide this table in the UI and the text report file, please set the "Show Parameter Settings in Synthesis Report" option in "Analysis and Synthesis Settings -> More Settings" to "Off".


+----------------------------------------------------------------------------+
; Parameter Settings for User Entity Instance: MultiplierP:b2v_inst2|Reg:R_C ;
+----------------+-------+---------------------------------------------------+
; Parameter Name ; Value ; Type                                              ;
+----------------+-------+---------------------------------------------------+
; n              ; 1     ; Signed Integer                                    ;
+----------------+-------+---------------------------------------------------+
Note: In order to hide this table in the UI and the text report file, please set the "Show Parameter Settings in Synthesis Report" option in "Analysis and Synthesis Settings -> More Settings" to "Off".


+----------------------------------------------------------------------------+
; Parameter Settings for User Entity Instance: MultiplierP:b2v_inst2|Reg:R_H ;
+----------------+-------+---------------------------------------------------+
; Parameter Name ; Value ; Type                                              ;
+----------------+-------+---------------------------------------------------+
; n              ; 4     ; Signed Integer                                    ;
+----------------+-------+---------------------------------------------------+
Note: In order to hide this table in the UI and the text report file, please set the "Show Parameter Settings in Synthesis Report" option in "Analysis and Synthesis Settings -> More Settings" to "Off".


+----------------------------------------------------------------------------+
; Parameter Settings for User Entity Instance: MultiplierP:b2v_inst2|Reg:R_L ;
+----------------+-------+---------------------------------------------------+
; Parameter Name ; Value ; Type                                              ;
+----------------+-------+---------------------------------------------------+
; n              ; 4     ; Signed Integer                                    ;
+----------------+-------+---------------------------------------------------+
Note: In order to hide this table in the UI and the text report file, please set the "Show Parameter Settings in Synthesis Report" option in "Analysis and Synthesis Settings -> More Settings" to "Off".


+--------------------------------------------------------------------------------+
; Parameter Settings for User Entity Instance: MultiplierP:b2v_inst2|Adder:U_ADD ;
+----------------+-------+-------------------------------------------------------+
; Parameter Name ; Value ; Type                                                  ;
+----------------+-------+-------------------------------------------------------+
; n              ; 4     ; Signed Integer                                        ;
+----------------+-------+-------------------------------------------------------+
Note: In order to hide this table in the UI and the text report file, please set the "Show Parameter Settings in Synthesis Report" option in "Analysis and Synthesis Settings -> More Settings" to "Off".


+-------------------------------------------------------------------------------------+
; Parameter Settings for User Entity Instance: MultiplierP:b2v_inst2|CtrlLogicP:U_CTL ;
+----------------+-------+------------------------------------------------------------+
; Parameter Name ; Value ; Type                                                       ;
+----------------+-------+------------------------------------------------------------+
; n              ; 4     ; Signed Integer                                             ;
+----------------+-------+------------------------------------------------------------+
Note: In order to hide this table in the UI and the text report file, please set the "Show Parameter Settings in Synthesis Report" option in "Analysis and Synthesis Settings -> More Settings" to "Off".


+-----------------------------------------------------------------------------------------------------+
; altsyncram Parameter Settings by Entity Instance                                                    ;
+-------------------------------------------+---------------------------------------------------------+
; Name                                      ; Value                                                   ;
+-------------------------------------------+---------------------------------------------------------+
; Number of entity instances                ; 1                                                       ;
; Entity Instance                           ; ram2ports4x256:b2v_inst|altsyncram:altsyncram_component ;
;     -- OPERATION_MODE                     ; BIDIR_DUAL_PORT                                         ;
;     -- WIDTH_A                            ; 4                                                       ;
;     -- NUMWORDS_A                         ; 256                                                     ;
;     -- OUTDATA_REG_A                      ; UNREGISTERED                                            ;
;     -- WIDTH_B                            ; 4                                                       ;
;     -- NUMWORDS_B                         ; 256                                                     ;
;     -- ADDRESS_REG_B                      ; CLOCK0                                                  ;
;     -- OUTDATA_REG_B                      ; UNREGISTERED                                            ;
;     -- RAM_BLOCK_TYPE                     ; AUTO                                                    ;
;     -- READ_DURING_WRITE_MODE_MIXED_PORTS ; DONT_CARE                                               ;
+-------------------------------------------+---------------------------------------------------------+


+----------------------------------------------------------------------------------------------------------------+
; Port Connectivity Checks: "ControlUnit:b2v_inst3"                                                              ;
+------+--------+----------+-------------------------------------------------------------------------------------+
; Port ; Type   ; Severity ; Details                                                                             ;
+------+--------+----------+-------------------------------------------------------------------------------------+
; cnt  ; Output ; Info     ; Connected to dangling logic. Logic that only feeds a dangling port will be removed. ;
+------+--------+----------+-------------------------------------------------------------------------------------+


+----------------------------------------------------------------------------------------------------------------+
; Port Connectivity Checks: "MultiplierP:b2v_inst2|Reg:R_L"                                                      ;
+------+--------+----------+-------------------------------------------------------------------------------------+
; Port ; Type   ; Severity ; Details                                                                             ;
+------+--------+----------+-------------------------------------------------------------------------------------+
; d_in ; Input  ; Info     ; Stuck at GND                                                                        ;
; so   ; Output ; Info     ; Connected to dangling logic. Logic that only feeds a dangling port will be removed. ;
+------+--------+----------+-------------------------------------------------------------------------------------+


+----------------------------------------------------------------------------------------------------------------+
; Port Connectivity Checks: "MultiplierP:b2v_inst2|Reg:R_C"                                                      ;
+------+--------+----------+-------------------------------------------------------------------------------------+
; Port ; Type   ; Severity ; Details                                                                             ;
+------+--------+----------+-------------------------------------------------------------------------------------+
; si   ; Input  ; Info     ; Stuck at GND                                                                        ;
; so   ; Output ; Info     ; Connected to dangling logic. Logic that only feeds a dangling port will be removed. ;
+------+--------+----------+-------------------------------------------------------------------------------------+


+----------------------------------------------------------------------------------------------------------------+
; Port Connectivity Checks: "MultiplierP:b2v_inst2|Reg:R_B"                                                      ;
+------+--------+----------+-------------------------------------------------------------------------------------+
; Port ; Type   ; Severity ; Details                                                                             ;
+------+--------+----------+-------------------------------------------------------------------------------------+
; so   ; Output ; Info     ; Connected to dangling logic. Logic that only feeds a dangling port will be removed. ;
+------+--------+----------+-------------------------------------------------------------------------------------+


+-----------------------------------------------------------------------------------------------------------------+
; Port Connectivity Checks: "MultiplierP:b2v_inst2"                                                               ;
+-------+--------+----------+-------------------------------------------------------------------------------------+
; Port  ; Type   ; Severity ; Details                                                                             ;
+-------+--------+----------+-------------------------------------------------------------------------------------+
; si    ; Input  ; Info     ; Stuck at GND                                                                        ;
; a_out ; Output ; Info     ; Connected to dangling logic. Logic that only feeds a dangling port will be removed. ;
; b_out ; Output ; Info     ; Connected to dangling logic. Logic that only feeds a dangling port will be removed. ;
+-------+--------+----------+-------------------------------------------------------------------------------------+


+-----------------------------------------------------+
; Port Connectivity Checks: "ram2ports4x256:b2v_inst" ;
+--------+-------+----------+-------------------------+
; Port   ; Type  ; Severity ; Details                 ;
+--------+-------+----------+-------------------------+
; wren_a ; Input ; Info     ; Stuck at GND            ;
; wren_b ; Input ; Info     ; Stuck at GND            ;
+--------+-------+----------+-------------------------+


+-------------------------------+
; Elapsed Time Per Partition    ;
+----------------+--------------+
; Partition Name ; Elapsed Time ;
+----------------+--------------+
; Top            ; 00:00:00     ;
+----------------+--------------+


+-------------------------------+
; Analysis & Synthesis Messages ;
+-------------------------------+
Info: *******************************************************************
Info: Running Quartus II 64-Bit Analysis & Synthesis
    Info: Version 13.0.1 Build 232 06/12/2013 Service Pack 1 SJ Web Edition
    Info: Processing started: Mon May 31 19:28:43 2021
Info: Command: quartus_map --read_settings_files=on --write_settings_files=off Lab8 -c Lab8
Warning (20028): Parallel compilation is not licensed and has been disabled
Info (12021): Found 2 design units, including 1 entities, in source file lab8.vhd
    Info (12022): Found design unit 1: Lab8-bdf_type
    Info (12023): Found entity 1: Lab8
Info (12021): Found 1 design units, including 0 entities, in source file declare.vhd
    Info (12022): Found design unit 1: Declarations
Info (12021): Found 2 design units, including 1 entities, in source file ctrllogicp.vhd
    Info (12022): Found design unit 1: CtrlLogicP-behav
    Info (12023): Found entity 1: CtrlLogicP
Info (12021): Found 2 design units, including 1 entities, in source file adder.vhd
    Info (12022): Found design unit 1: Adder-behav
    Info (12023): Found entity 1: Adder
Info (12021): Found 2 design units, including 1 entities, in source file reg.vhd
    Info (12022): Found design unit 1: Reg-behav
    Info (12023): Found entity 1: Reg
Info (12021): Found 2 design units, including 1 entities, in source file multiplierp.vhd
    Info (12022): Found design unit 1: MultiplierP-struct
    Info (12023): Found entity 1: MultiplierP
Info (12021): Found 1 design units, including 1 entities, in source file accumulator.bdf
    Info (12023): Found entity 1: Accumulator
Info (12021): Found 1 design units, including 1 entities, in source file ha.bdf
    Info (12023): Found entity 1: HA
Info (12021): Found 2 design units, including 1 entities, in source file ram4x256.vhd
    Info (12022): Found design unit 1: ram4x256-SYN
    Info (12023): Found entity 1: RAM4x256
Info (12021): Found 1 design units, including 1 entities, in source file fa.bdf
    Info (12023): Found entity 1: FA
Info (12021): Found 1 design units, including 1 entities, in source file 8bitadder.bdf
    Info (12023): Found entity 1: 8bitAdder
Info (12021): Found 2 design units, including 1 entities, in source file ram2ports4x256.vhd
    Info (12022): Found design unit 1: ram2ports4x256-SYN
    Info (12023): Found entity 1: ram2ports4x256
Info (12021): Found 1 design units, including 1 entities, in source file 16bitadder.bdf
    Info (12023): Found entity 1: 16bitAdder
Info (12021): Found 2 design units, including 1 entities, in source file mul4bits.vhd
    Info (12022): Found design unit 1: AMUL4bits-arch
    Info (12023): Found entity 1: AMUL4bits
Info (12021): Found 2 design units, including 1 entities, in source file controlunit.vhd
    Info (12022): Found design unit 1: ControlUnit-behav
    Info (12023): Found entity 1: ControlUnit
Info (12127): Elaborating entity "Lab8" for the top level hierarchy
Info (12128): Elaborating entity "ram2ports4x256" for hierarchy "ram2ports4x256:b2v_inst"
Info (12128): Elaborating entity "altsyncram" for hierarchy "ram2ports4x256:b2v_inst|altsyncram:altsyncram_component"
Info (12130): Elaborated megafunction instantiation "ram2ports4x256:b2v_inst|altsyncram:altsyncram_component"
Info (12133): Instantiated megafunction "ram2ports4x256:b2v_inst|altsyncram:altsyncram_component" with the following parameter:
    Info (12134): Parameter "address_reg_b" = "CLOCK0"
    Info (12134): Parameter "clock_enable_input_a" = "BYPASS"
    Info (12134): Parameter "clock_enable_input_b" = "BYPASS"
    Info (12134): Parameter "clock_enable_output_a" = "BYPASS"
    Info (12134): Parameter "clock_enable_output_b" = "BYPASS"
    Info (12134): Parameter "indata_reg_b" = "CLOCK0"
    Info (12134): Parameter "init_file" = "RamContents.mif"
    Info (12134): Parameter "intended_device_family" = "Cyclone II"
    Info (12134): Parameter "lpm_type" = "altsyncram"
    Info (12134): Parameter "numwords_a" = "256"
    Info (12134): Parameter "numwords_b" = "256"
    Info (12134): Parameter "operation_mode" = "BIDIR_DUAL_PORT"
    Info (12134): Parameter "outdata_aclr_a" = "NONE"
    Info (12134): Parameter "outdata_aclr_b" = "NONE"
    Info (12134): Parameter "outdata_reg_a" = "UNREGISTERED"
    Info (12134): Parameter "outdata_reg_b" = "UNREGISTERED"
    Info (12134): Parameter "power_up_uninitialized" = "FALSE"
    Info (12134): Parameter "read_during_write_mode_mixed_ports" = "DONT_CARE"
    Info (12134): Parameter "widthad_a" = "8"
    Info (12134): Parameter "widthad_b" = "8"
    Info (12134): Parameter "width_a" = "4"
    Info (12134): Parameter "width_b" = "4"
    Info (12134): Parameter "width_byteena_a" = "1"
    Info (12134): Parameter "width_byteena_b" = "1"
    Info (12134): Parameter "wrcontrol_wraddress_reg_b" = "CLOCK0"
Info (12021): Found 1 design units, including 1 entities, in source file db/altsyncram_dg92.tdf
    Info (12023): Found entity 1: altsyncram_dg92
Info (12128): Elaborating entity "altsyncram_dg92" for hierarchy "ram2ports4x256:b2v_inst|altsyncram:altsyncram_component|altsyncram_dg92:auto_generated"
Info (12128): Elaborating entity "Accumulator" for hierarchy "Accumulator:b2v_inst1"
Info (12128): Elaborating entity "LPM_FF" for hierarchy "Accumulator:b2v_inst1|LPM_FF:inst1"
Info (12130): Elaborated megafunction instantiation "Accumulator:b2v_inst1|LPM_FF:inst1"
Info (12133): Instantiated megafunction "Accumulator:b2v_inst1|LPM_FF:inst1" with the following parameter:
    Info (12134): Parameter "LPM_FFTYPE" = "DFF"
    Info (12134): Parameter "LPM_WIDTH" = "16"
Info (12128): Elaborating entity "16bitAdder" for hierarchy "Accumulator:b2v_inst1|16bitAdder:inst"
Info (12128): Elaborating entity "FA" for hierarchy "Accumulator:b2v_inst1|16bitAdder:inst|FA:inst"
Info (12128): Elaborating entity "HA" for hierarchy "Accumulator:b2v_inst1|16bitAdder:inst|HA:inst11"
Info (12128): Elaborating entity "MultiplierP" for hierarchy "MultiplierP:b2v_inst2"
Info (12128): Elaborating entity "Reg" for hierarchy "MultiplierP:b2v_inst2|Reg:R_A"
Info (12128): Elaborating entity "Reg" for hierarchy "MultiplierP:b2v_inst2|Reg:R_C"
Warning (10445): VHDL Subtype or Type Declaration warning at Reg.vhd(21): subtype or type has null range
Info (12128): Elaborating entity "Adder" for hierarchy "MultiplierP:b2v_inst2|Adder:U_ADD"
Info (12128): Elaborating entity "CtrlLogicP" for hierarchy "MultiplierP:b2v_inst2|CtrlLogicP:U_CTL"
Info (12128): Elaborating entity "ControlUnit" for hierarchy "ControlUnit:b2v_inst3"
Info (13000): Registers with preset signals will power-up high
Info (13003): DEV_CLRn pin will set, and not reset, register with preset signal due to NOT Gate Push-Back
Warning (13024): Output pins are stuck at VCC or GND
    Warning (13410): Pin "addrA[7]" is stuck at GND
    Warning (13410): Pin "addrB[7]" is stuck at VCC
Info (17049): 1 registers lost all their fanouts during netlist optimizations.
Info (16010): Generating hard_block partition "hard_block:auto_generated_inst"
    Info (16011): Adding 0 node(s), including 0 DDIO, 0 PLL, 0 transceiver and 0 LCELL
Info (21057): Implemented 149 device resources after synthesis - the final resource count might be different
    Info (21058): Implemented 6 input pins
    Info (21059): Implemented 50 output pins
    Info (21061): Implemented 89 logic cells
    Info (21064): Implemented 4 RAM segments
Info: Quartus II 64-Bit Analysis & Synthesis was successful. 0 errors, 5 warnings
    Info: Peak virtual memory: 4661 megabytes
    Info: Processing ended: Mon May 31 19:28:45 2021
    Info: Elapsed time: 00:00:02
    Info: Total CPU time (on all processors): 00:00:02


